<?xml version="1.0" encoding="UTF-8"?>
<testsuites>
  <testsuite name="" tests="5" assertions="3" errors="2" warnings="0" failures="0" skipped="0" time="0.215823">
    <testsuite name="App" tests="5" assertions="3" errors="2" warnings="0" failures="0" skipped="0" time="0.215823">
      <testsuite name="ExampleDatabaseTest" file="C:\Users\jucle\Documents\[02] university\[02] programacao_web_II\[02] avaliações\[03] projecto\project-root\tests\database\ExampleDatabaseTest.php" tests="2" assertions="0" errors="2" warnings="0" failures="0" skipped="0" time="0.185322">
        <testcase name="testModelFindAll" class="ExampleDatabaseTest" classname="ExampleDatabaseTest" file="C:\Users\jucle\Documents\[02] university\[02] programacao_web_II\[02] avaliações\[03] projecto\project-root\tests\database\ExampleDatabaseTest.php" line="17" assertions="0" time="0.177537">
          <error type="CodeIgniter\Database\Exceptions\DatabaseException">ExampleDatabaseTest::testModelFindAll
CodeIgniter\Database\Exceptions\DatabaseException: Unable to connect to the database.&#13;
Main connection [SQLite3]: Class "SQLite3" not found

C:\Users\jucle\Documents\[02] university\[02] programacao_web_II\[02] avaliações\[03] projecto\project-root\vendor\codeigniter4\framework\system\Database\BaseConnection.php:428
C:\Users\jucle\Documents\[02] university\[02] programacao_web_II\[02] avaliações\[03] projecto\project-root\vendor\codeigniter4\framework\system\Database\SQLite3\Connection.php:59
C:\Users\jucle\Documents\[02] university\[02] programacao_web_II\[02] avaliações\[03] projecto\project-root\vendor\codeigniter4\framework\system\Test\DatabaseTestTrait.php:80
C:\Users\jucle\Documents\[02] university\[02] programacao_web_II\[02] avaliações\[03] projecto\project-root\vendor\codeigniter4\framework\system\Test\DatabaseTestTrait.php:56
C:\Users\jucle\Documents\[02] university\[02] programacao_web_II\[02] avaliações\[03] projecto\project-root\vendor\codeigniter4\framework\system\Test\CIUnitTestCase.php:249</error>
        </testcase>
        <testcase name="testSoftDeleteLeavesRow" class="ExampleDatabaseTest" classname="ExampleDatabaseTest" file="C:\Users\jucle\Documents\[02] university\[02] programacao_web_II\[02] avaliações\[03] projecto\project-root\tests\database\ExampleDatabaseTest.php" line="28" assertions="0" time="0.007785">
          <error type="CodeIgniter\Database\Exceptions\DatabaseException">ExampleDatabaseTest::testSoftDeleteLeavesRow
CodeIgniter\Database\Exceptions\DatabaseException: Unable to connect to the database.&#13;
Main connection [SQLite3]: Class "SQLite3" not found

C:\Users\jucle\Documents\[02] university\[02] programacao_web_II\[02] avaliações\[03] projecto\project-root\vendor\codeigniter4\framework\system\Database\BaseConnection.php:428
C:\Users\jucle\Documents\[02] university\[02] programacao_web_II\[02] avaliações\[03] projecto\project-root\vendor\codeigniter4\framework\system\Database\SQLite3\Connection.php:59
C:\Users\jucle\Documents\[02] university\[02] programacao_web_II\[02] avaliações\[03] projecto\project-root\vendor\codeigniter4\framework\system\Test\DatabaseTestTrait.php:80
C:\Users\jucle\Documents\[02] university\[02] programacao_web_II\[02] avaliações\[03] projecto\project-root\vendor\codeigniter4\framework\system\Test\DatabaseTestTrait.php:56
C:\Users\jucle\Documents\[02] university\[02] programacao_web_II\[02] avaliações\[03] projecto\project-root\vendor\codeigniter4\framework\system\Test\CIUnitTestCase.php:249</error>
        </testcase>
      </testsuite>
      <testsuite name="ExampleSessionTest" file="C:\Users\jucle\Documents\[02] university\[02] programacao_web_II\[02] avaliações\[03] projecto\project-root\tests\session\ExampleSessionTest.php" tests="1" assertions="1" errors="0" warnings="0" failures="0" skipped="0" time="0.008833">
        <testcase name="testSessionSimple" class="ExampleSessionTest" classname="ExampleSessionTest" file="C:\Users\jucle\Documents\[02] university\[02] programacao_web_II\[02] avaliações\[03] projecto\project-root\tests\session\ExampleSessionTest.php" line="11" assertions="1" time="0.008833"/>
      </testsuite>
      <testsuite name="HealthTest" file="C:\Users\jucle\Documents\[02] university\[02] programacao_web_II\[02] avaliações\[03] projecto\project-root\tests\unit\HealthTest.php" tests="2" assertions="2" errors="0" warnings="0" failures="0" skipped="0" time="0.021668">
        <testcase name="testIsDefinedAppPath" class="HealthTest" classname="HealthTest" file="C:\Users\jucle\Documents\[02] university\[02] programacao_web_II\[02] avaliações\[03] projecto\project-root\tests\unit\HealthTest.php" line="13" assertions="1" time="0.001887"/>
        <testcase name="testBaseUrlHasBeenSet" class="HealthTest" classname="HealthTest" file="C:\Users\jucle\Documents\[02] university\[02] programacao_web_II\[02] avaliações\[03] projecto\project-root\tests\unit\HealthTest.php" line="18" assertions="1" time="0.019781"/>
      </testsuite>
    </testsuite>
  </testsuite>
</testsuites>
